[2024-07-25 14:34:43,585: INFO: common: yaml file: config/config.yaml loaded successfully]
[2024-07-25 14:34:43,587: INFO: common: yaml file: params.yaml loaded successfully]
[2024-07-25 14:34:43,589: INFO: common: created directory at: artifacts]
[2024-07-25 14:35:19,808: INFO: common: yaml file: config/config.yaml loaded successfully]
[2024-07-25 14:35:19,810: INFO: common: yaml file: params.yaml loaded successfully]
[2024-07-25 14:35:19,811: INFO: common: created directory at: artifacts]
[2024-07-25 14:37:03,313: INFO: common: yaml file: config/config.yaml loaded successfully]
[2024-07-25 14:37:03,315: INFO: common: yaml file: params.yaml loaded successfully]
[2024-07-25 14:37:03,316: INFO: common: created directory at: artifacts]
[2024-07-25 14:37:30,675: INFO: common: yaml file: config/config.yaml loaded successfully]
[2024-07-25 14:37:30,679: INFO: common: yaml file: params.yaml loaded successfully]
[2024-07-25 14:37:30,680: INFO: common: created directory at: artifacts]
[2024-07-25 14:40:02,646: INFO: common: yaml file: config/config.yaml loaded successfully]
[2024-07-25 14:40:02,649: INFO: common: yaml file: params.yaml loaded successfully]
[2024-07-25 14:40:02,649: INFO: common: created directory at: artifacts]
[2024-07-25 14:40:02,651: INFO: common: created directory at: artifacts/data_ingestion]
[2024-07-25 14:40:19,769: INFO: common: yaml file: config/config.yaml loaded successfully]
[2024-07-25 14:40:19,773: INFO: common: yaml file: params.yaml loaded successfully]
[2024-07-25 14:40:19,775: INFO: common: created directory at: artifacts]
[2024-07-25 14:40:19,776: INFO: common: created directory at: artifacts/data_ingestion]
[2024-07-25 14:40:19,777: INFO: 4066389978: Downloading data from https://drive.google.com/file/d/1Mg6Gv7-sPl54NUL9Jx4h9_2dI943W4Ii/view?usp=sharing into file artifacts/data_ingestion/data.zip]
[2024-07-25 14:40:26,426: INFO: 4066389978: Downloaded data from https://drive.google.com/file/d/1Mg6Gv7-sPl54NUL9Jx4h9_2dI943W4Ii/view?usp=sharing into file artifacts/data_ingestion/data.zip]
[2024-07-25 14:41:59,084: INFO: common: yaml file: config/config.yaml loaded successfully]
[2024-07-25 14:41:59,086: INFO: common: yaml file: params.yaml loaded successfully]
[2024-07-25 14:41:59,087: INFO: common: created directory at: artifacts]
[2024-07-25 14:41:59,088: INFO: common: created directory at: artifacts/data_ingestion]
[2024-07-25 14:41:59,088: INFO: 4066389978: Downloading data from https://drive.google.com/file/d/1Mg6Gv7-sPl54NUL9Jx4h9_2dI943W4Ii/view?usp=sharing into file artifacts/data_ingestion/data.zip]
[2024-07-25 14:42:06,350: INFO: 4066389978: Downloaded data from https://drive.google.com/file/d/1Mg6Gv7-sPl54NUL9Jx4h9_2dI943W4Ii/view?usp=sharing into file artifacts/data_ingestion/data.zip]
[2024-07-25 14:43:17,291: INFO: common: yaml file: config/config.yaml loaded successfully]
[2024-07-25 14:43:17,293: INFO: common: yaml file: params.yaml loaded successfully]
[2024-07-25 14:43:17,295: INFO: common: created directory at: artifacts]
[2024-07-25 14:43:17,296: INFO: common: created directory at: artifacts/data_ingestion]
[2024-07-25 14:43:17,296: INFO: 4066389978: Downloading data from https://drive.google.com/file/d/1Mg6Gv7-sPl54NUL9Jx4h9_2dI943W4Ii/view?usp=sharing into file artifacts/data_ingestion/data.zip]
[2024-07-25 14:43:23,814: INFO: 4066389978: Downloaded data from https://drive.google.com/file/d/1Mg6Gv7-sPl54NUL9Jx4h9_2dI943W4Ii/view?usp=sharing into file artifacts/data_ingestion/data.zip]
[2024-07-25 14:43:48,020: INFO: common: yaml file: config/config.yaml loaded successfully]
[2024-07-25 14:43:48,022: INFO: common: yaml file: params.yaml loaded successfully]
[2024-07-25 14:43:48,023: INFO: common: created directory at: artifacts]
[2024-07-25 14:43:48,024: INFO: common: created directory at: artifacts/data_ingestion]
[2024-07-25 14:44:01,891: INFO: common: yaml file: config/config.yaml loaded successfully]
[2024-07-25 14:44:01,893: INFO: common: yaml file: params.yaml loaded successfully]
[2024-07-25 14:44:01,894: INFO: common: created directory at: artifacts]
[2024-07-25 14:44:01,895: INFO: common: created directory at: artifacts/data_ingestion]
[2024-07-25 14:45:02,454: INFO: common: yaml file: config/config.yaml loaded successfully]
[2024-07-25 14:45:02,456: INFO: common: yaml file: params.yaml loaded successfully]
[2024-07-25 14:45:02,458: INFO: common: created directory at: artifacts]
[2024-07-25 14:45:02,459: INFO: common: created directory at: artifacts/data_ingestion]
[2024-07-25 14:45:02,460: INFO: 478554153: Downloading data from https://drive.google.com/file/d/1Mg6Gv7-sPl54NUL9Jx4h9_2dI943W4Ii/view?usp=sharing into file artifacts/data_ingestion/data.zip]
[2024-07-25 14:45:08,974: INFO: 478554153: Downloaded data from https://drive.google.com/file/d/1Mg6Gv7-sPl54NUL9Jx4h9_2dI943W4Ii/view?usp=sharing into file artifacts/data_ingestion/data.zip]
[2024-07-25 14:47:04,991: INFO: common: yaml file: config/config.yaml loaded successfully]
[2024-07-25 14:47:04,994: INFO: common: yaml file: params.yaml loaded successfully]
[2024-07-25 14:47:04,995: INFO: common: created directory at: artifacts]
[2024-07-25 14:47:04,996: INFO: common: created directory at: artifacts/data_ingestion]
[2024-07-25 14:47:04,997: INFO: 1596745741: Downloading data from https://drive.google.com/file/d/1Mg6Gv7-sPl54NUL9Jx4h9_2dI943W4Ii/view?usp=sharing into file artifacts/data_ingestion/data.zip]
[2024-07-25 14:47:11,801: INFO: 1596745741: Downloaded data from https://drive.google.com/file/d/1Mg6Gv7-sPl54NUL9Jx4h9_2dI943W4Ii/view?usp=sharing into file artifacts/data_ingestion/data.zip]
[2024-07-25 15:01:53,172: INFO: main: >>>>>> stage Data Ingestion Stage started <<<<<<]
[2024-07-25 15:01:53,173: INFO: common: yaml file: config/config.yaml loaded successfully]
[2024-07-25 15:01:53,173: INFO: common: yaml file: params.yaml loaded successfully]
[2024-07-25 15:01:53,174: INFO: common: created directory at: artifacts]
[2024-07-25 15:01:53,174: INFO: common: created directory at: artifacts/data_ingestion]
[2024-07-25 15:01:53,174: INFO: data_ingestion: Downloading data from https://drive.google.com/file/d/1Mg6Gv7-sPl54NUL9Jx4h9_2dI943W4Ii/view?usp=sharing into file artifacts/data_ingestion/data.zip]
[2024-07-25 15:01:59,693: INFO: data_ingestion: Downloaded data from https://drive.google.com/file/d/1Mg6Gv7-sPl54NUL9Jx4h9_2dI943W4Ii/view?usp=sharing into file artifacts/data_ingestion/data.zip]
[2024-07-25 15:02:00,058: INFO: main: >>>>>> stage Data Ingestion Stage completed <<<<<<

x==========x]
[2024-07-25 22:13:34,601: INFO: common: yaml file: config/config.yaml loaded successfully]
[2024-07-25 22:13:34,604: INFO: common: yaml file: params.yaml loaded successfully]
[2024-07-25 22:13:34,606: INFO: common: created directory at: artifacts]
[2024-07-25 22:13:34,609: INFO: common: created directory at: artifacts/prepare_base_model]
[2024-07-25 22:13:40,988: WARNING: saving_utils: Compiled the loaded model, but the compiled metrics have yet to be built. `model.compile_metrics` will be empty until you train or evaluate the model.]
[2024-07-25 23:05:43,036: INFO: main: >>>>>> stage Data Ingestion Stage started <<<<<<]
[2024-07-25 23:05:43,038: INFO: common: yaml file: config/config.yaml loaded successfully]
[2024-07-25 23:05:43,039: INFO: common: yaml file: params.yaml loaded successfully]
[2024-07-25 23:05:43,039: INFO: common: created directory at: artifacts]
[2024-07-25 23:05:43,039: INFO: common: created directory at: artifacts/data_ingestion]
[2024-07-25 23:05:43,039: INFO: data_ingestion: Downloading data from https://drive.google.com/file/d/1Mg6Gv7-sPl54NUL9Jx4h9_2dI943W4Ii/view?usp=sharing into file artifacts/data_ingestion/data.zip]
[2024-07-25 23:05:55,622: INFO: data_ingestion: Downloaded data from https://drive.google.com/file/d/1Mg6Gv7-sPl54NUL9Jx4h9_2dI943W4Ii/view?usp=sharing into file artifacts/data_ingestion/data.zip]
[2024-07-25 23:05:55,907: INFO: main: >>>>>> stage Data Ingestion Stage completed <<<<<<

x==========x]
[2024-07-25 23:05:55,907: INFO: main: >>>>>> stage Prepare base model stage started <<<<<<]
[2024-07-25 23:05:55,908: INFO: common: yaml file: config/config.yaml loaded successfully]
[2024-07-25 23:05:55,909: INFO: common: yaml file: params.yaml loaded successfully]
[2024-07-25 23:05:55,909: INFO: common: created directory at: artifacts]
[2024-07-25 23:05:55,909: INFO: common: created directory at: artifacts/prepare_base_model]
[2024-07-25 23:05:56,268: WARNING: saving_utils: Compiled the loaded model, but the compiled metrics have yet to be built. `model.compile_metrics` will be empty until you train or evaluate the model.]
[2024-07-25 23:05:56,473: INFO: main: >>>>>> stage Prepare base model stage completed <<<<<<

x==========x]
[2024-07-26 17:03:37,004: INFO: common: yaml file: config/config.yaml loaded successfully]
[2024-07-26 17:03:37,008: INFO: common: yaml file: params.yaml loaded successfully]
[2024-07-26 17:03:37,009: INFO: common: created directory at: artifacts]
[2024-07-26 17:03:37,011: INFO: common: created directory at: artifacts/training]
[2024-07-26 17:04:10,731: INFO: common: yaml file: config/config.yaml loaded successfully]
[2024-07-26 17:04:10,735: INFO: common: yaml file: params.yaml loaded successfully]
[2024-07-26 17:04:10,736: INFO: common: created directory at: artifacts]
[2024-07-26 17:04:10,737: INFO: common: created directory at: artifacts/training]
[2024-07-26 17:04:56,579: INFO: common: yaml file: config/config.yaml loaded successfully]
[2024-07-26 17:04:56,583: INFO: common: yaml file: params.yaml loaded successfully]
[2024-07-26 17:04:56,584: INFO: common: created directory at: artifacts]
[2024-07-26 17:04:56,585: INFO: common: created directory at: artifacts/training]
[2024-07-26 17:05:19,650: INFO: common: yaml file: config/config.yaml loaded successfully]
[2024-07-26 17:05:19,653: INFO: common: yaml file: params.yaml loaded successfully]
[2024-07-26 17:05:19,654: INFO: common: created directory at: artifacts]
[2024-07-26 17:05:19,655: INFO: common: created directory at: artifacts/training]
[2024-07-26 17:05:33,633: INFO: common: yaml file: config/config.yaml loaded successfully]
[2024-07-26 17:05:33,636: INFO: common: yaml file: params.yaml loaded successfully]
[2024-07-26 17:05:33,637: INFO: common: created directory at: artifacts]
[2024-07-26 17:05:33,638: INFO: common: created directory at: artifacts/training]
[2024-07-26 18:02:52,519: INFO: main: >>>>>> stage Data Ingestion Stage started <<<<<<]
[2024-07-26 18:02:52,521: INFO: common: yaml file: config/config.yaml loaded successfully]
[2024-07-26 18:02:52,522: INFO: common: yaml file: params.yaml loaded successfully]
[2024-07-26 18:02:52,522: INFO: common: created directory at: artifacts]
[2024-07-26 18:02:52,522: INFO: common: created directory at: artifacts/data_ingestion]
[2024-07-26 18:02:52,522: INFO: data_ingestion: Downloading data from https://drive.google.com/file/d/1Mg6Gv7-sPl54NUL9Jx4h9_2dI943W4Ii/view?usp=sharing into file artifacts/data_ingestion/data.zip]
[2024-07-26 18:02:59,660: INFO: data_ingestion: Downloaded data from https://drive.google.com/file/d/1Mg6Gv7-sPl54NUL9Jx4h9_2dI943W4Ii/view?usp=sharing into file artifacts/data_ingestion/data.zip]
[2024-07-26 18:03:00,062: INFO: main: >>>>>> stage Data Ingestion Stage completed <<<<<<

x==========x]
[2024-07-26 18:03:00,062: INFO: main: >>>>>> stage Prepare base model stage started <<<<<<]
[2024-07-26 18:03:00,066: INFO: common: yaml file: config/config.yaml loaded successfully]
[2024-07-26 18:03:00,068: INFO: common: yaml file: params.yaml loaded successfully]
[2024-07-26 18:03:00,069: INFO: common: created directory at: artifacts]
[2024-07-26 18:03:00,069: INFO: common: created directory at: artifacts/prepare_base_model]
[2024-07-26 18:03:00,581: WARNING: saving_utils: Compiled the loaded model, but the compiled metrics have yet to be built. `model.compile_metrics` will be empty until you train or evaluate the model.]
[2024-07-26 18:03:00,816: INFO: main: >>>>>> stage Prepare base model stage completed <<<<<<

x==========x]
[2024-07-26 18:03:00,816: INFO: main: ******************************************]
[2024-07-26 18:03:00,817: INFO: main: >>>>>> stage Training started <<<<<<]
[2024-07-26 18:03:00,818: INFO: common: yaml file: config/config.yaml loaded successfully]
[2024-07-26 18:03:00,819: INFO: common: yaml file: params.yaml loaded successfully]
[2024-07-26 18:03:00,819: INFO: common: created directory at: artifacts]
[2024-07-26 18:03:00,820: INFO: common: created directory at: artifacts/training]
[2024-07-26 18:03:22,163: INFO: main: >>>>>> stage Data Ingestion Stage started <<<<<<]
[2024-07-26 18:03:22,165: INFO: common: yaml file: config/config.yaml loaded successfully]
[2024-07-26 18:03:22,166: INFO: common: yaml file: params.yaml loaded successfully]
[2024-07-26 18:03:22,166: INFO: common: created directory at: artifacts]
[2024-07-26 18:03:22,166: INFO: common: created directory at: artifacts/data_ingestion]
[2024-07-26 18:03:22,166: INFO: data_ingestion: Downloading data from https://drive.google.com/file/d/1Mg6Gv7-sPl54NUL9Jx4h9_2dI943W4Ii/view?usp=sharing into file artifacts/data_ingestion/data.zip]
[2024-07-26 18:03:28,601: INFO: data_ingestion: Downloaded data from https://drive.google.com/file/d/1Mg6Gv7-sPl54NUL9Jx4h9_2dI943W4Ii/view?usp=sharing into file artifacts/data_ingestion/data.zip]
[2024-07-26 18:03:28,959: INFO: main: >>>>>> stage Data Ingestion Stage completed <<<<<<

x==========x]
[2024-07-26 18:03:28,959: INFO: main: >>>>>> stage Prepare base model stage started <<<<<<]
[2024-07-26 18:03:28,960: INFO: common: yaml file: config/config.yaml loaded successfully]
[2024-07-26 18:03:28,961: INFO: common: yaml file: params.yaml loaded successfully]
[2024-07-26 18:03:28,961: INFO: common: created directory at: artifacts]
[2024-07-26 18:03:28,962: INFO: common: created directory at: artifacts/prepare_base_model]
[2024-07-26 18:03:29,357: WARNING: saving_utils: Compiled the loaded model, but the compiled metrics have yet to be built. `model.compile_metrics` will be empty until you train or evaluate the model.]
[2024-07-26 18:03:29,591: INFO: main: >>>>>> stage Prepare base model stage completed <<<<<<

x==========x]
[2024-07-26 18:03:29,591: INFO: main: ******************************************]
[2024-07-26 18:03:29,591: INFO: main: >>>>>> stage Training started <<<<<<]
[2024-07-26 18:03:29,593: INFO: common: yaml file: config/config.yaml loaded successfully]
[2024-07-26 18:03:29,594: INFO: common: yaml file: params.yaml loaded successfully]
[2024-07-26 18:03:29,594: INFO: common: created directory at: artifacts]
[2024-07-26 18:03:29,594: INFO: common: created directory at: artifacts/training]
[2024-07-26 18:06:42,487: INFO: main: >>>>>> stage Training completed <<<<<<

x==========x]
